# JRE version: Java(TM) SE Runtime Environment (8.0_241-b07) (build 1.8.0_241-b07)
# Java VM: Java HotSpot(TM) 64-Bit Server VM (25.241-b07 mixed mode windows-amd64 compressed oops)
Heap:
 PSYoungGen      total 120320K, used 84153K [0x00000000e0000000, 0x00000000eaa80000, 0x0000000100000000)
  eden space 74240K, 66% used [0x00000000e0000000,0x00000000e302f600,0x00000000e4880000)
  from space 46080K, 75% used [0x00000000e7880000,0x00000000e9a7f078,0x00000000ea580000)
  to   space 49152K, 0% used [0x00000000e4880000,0x00000000e4880000,0x00000000e7880000)
 ParOldGen       total 123392K, used 76838K [0x00000000a0000000, 0x00000000a7880000, 0x00000000e0000000)
  object space 123392K, 62% used [0x00000000a0000000,0x00000000a4b09918,0x00000000a7880000)
 Metaspace       used 79104K, capacity 83930K, committed 84224K, reserved 1122304K
  class space    used 10549K, capacity 11690K, committed 11776K, reserved 1048576K
GC Heap History (10 events):
Event: 1147.226 GC heap before
{Heap before GC invocations=40 (full 4):
 PSYoungGen      total 95744K, used 93490K [0x00000000e0000000, 0x00000000e8800000, 0x0000000100000000)
  eden space 66560K, 100% used [0x00000000e0000000,0x00000000e4100000,0x00000000e4100000)
  from space 29184K, 92% used [0x00000000e4100000,0x00000000e5b4cac8,0x00000000e5d80000)
  to   space 32768K, 0% used [0x00000000e6800000,0x00000000e6800000,0x00000000e8800000)
 ParOldGen       total 123392K, used 76814K [0x00000000a0000000, 0x00000000a7880000, 0x00000000e0000000)
  object space 123392K, 62% used [0x00000000a0000000,0x00000000a4b03918,0x00000000a7880000)
 Metaspace       used 74169K, capacity 78136K, committed 78336K, reserved 1116160K
  class space    used 10018K, capacity 10888K, committed 11008K, reserved 1048576K
Event: 1147.333 GC heap after
Heap after GC invocations=40 (full 4):
 PSYoungGen      total 102400K, used 29714K [0x00000000e0000000, 0x00000000e8f00000, 0x0000000100000000)
  eden space 69632K, 0% used [0x00000000e0000000,0x00000000e0000000,0x00000000e4400000)
  from space 32768K, 90% used [0x00000000e6800000,0x00000000e8504ac8,0x00000000e8800000)
  to   space 36864K, 0% used [0x00000000e4400000,0x00000000e4400000,0x00000000e6800000)
 ParOldGen       total 123392K, used 76822K [0x00000000a0000000, 0x00000000a7880000, 0x00000000e0000000)
  object space 123392K, 62% used [0x00000000a0000000,0x00000000a4b05918,0x00000000a7880000)
 Metaspace       used 74169K, capacity 78136K, committed 78336K, reserved 1116160K
  class space    used 10018K, capacity 10888K, committed 11008K, reserved 1048576K
}
Event: 1178.099 GC heap before
{Heap before GC invocations=41 (full 4):
 PSYoungGen      total 102400K, used 99346K [0x00000000e0000000, 0x00000000e8f00000, 0x0000000100000000)
  eden space 69632K, 100% used [0x00000000e0000000,0x00000000e4400000,0x00000000e4400000)
  from space 32768K, 90% used [0x00000000e6800000,0x00000000e8504ac8,0x00000000e8800000)
  to   space 36864K, 0% used [0x00000000e4400000,0x00000000e4400000,0x00000000e6800000)
 ParOldGen       total 123392K, used 76822K [0x00000000a0000000, 0x00000000a7880000, 0x00000000e0000000)
  object space 123392K, 62% used [0x00000000a0000000,0x00000000a4b05918,0x00000000a7880000)
 Metaspace       used 74427K, capacity 78462K, committed 78592K, reserved 1116160K
  class space    used 10057K, capacity 10949K, committed 11008K, reserved 1048576K
Event: 1178.641 GC heap after
Heap after GC invocations=41 (full 4):
 PSYoungGen      total 106496K, used 28834K [0x00000000e0000000, 0x00000000e9700000, 0x0000000100000000)
  eden space 69632K, 0% used [0x00000000e0000000,0x00000000e0000000,0x00000000e4400000)
  from space 36864K, 78% used [0x00000000e4400000,0x00000000e6028ab8,0x00000000e6800000)
  to   space 39424K, 0% used [0x00000000e7080000,0x00000000e7080000,0x00000000e9700000)
 ParOldGen       total 123392K, used 76830K [0x00000000a0000000, 0x00000000a7880000, 0x00000000e0000000)
  object space 123392K, 62% used [0x00000000a0000000,0x00000000a4b07918,0x00000000a7880000)
 Metaspace       used 74427K, capacity 78462K, committed 78592K, reserved 1116160K
  class space    used 10057K, capacity 10949K, committed 11008K, reserved 1048576K
}
Event: 2842.926 GC heap before
{Heap before GC invocations=42 (full 4):
 PSYoungGen      total 106496K, used 98466K [0x00000000e0000000, 0x00000000e9700000, 0x0000000100000000)
  eden space 69632K, 100% used [0x00000000e0000000,0x00000000e4400000,0x00000000e4400000)
  from space 36864K, 78% used [0x00000000e4400000,0x00000000e6028ab8,0x00000000e6800000)
  to   space 39424K, 0% used [0x00000000e7080000,0x00000000e7080000,0x00000000e9700000)
 ParOldGen       total 123392K, used 76830K [0x00000000a0000000, 0x00000000a7880000, 0x00000000e0000000)
  object space 123392K, 62% used [0x00000000a0000000,0x00000000a4b07918,0x00000000a7880000)
 Metaspace       used 76404K, capacity 80532K, committed 80640K, reserved 1118208K
  class space    used 10236K, capacity 11166K, committed 11264K, reserved 1048576K
Event: 2849.190 GC heap after
Heap after GC invocations=42 (full 4):
 PSYoungGen      total 111616K, used 31876K [0x00000000e0000000, 0x00000000e9d80000, 0x0000000100000000)
  eden space 72192K, 0% used [0x00000000e0000000,0x00000000e0000000,0x00000000e4680000)
  from space 39424K, 80% used [0x00000000e7080000,0x00000000e8fa1348,0x00000000e9700000)
  to   space 43008K, 0% used [0x00000000e4680000,0x00000000e4680000,0x00000000e7080000)
 ParOldGen       total 123392K, used 76838K [0x00000000a0000000, 0x00000000a7880000, 0x00000000e0000000)
  object space 123392K, 62% used [0x00000000a0000000,0x00000000a4b09918,0x00000000a7880000)
 Metaspace       used 76404K, capacity 80532K, committed 80640K, reserved 1118208K
  class space    used 10236K, capacity 11166K, committed 11264K, reserved 1048576K
}
Event: 3108.732 GC heap before
{Heap before GC invocations=43 (full 4):
 PSYoungGen      total 111616K, used 104068K [0x00000000e0000000, 0x00000000e9d80000, 0x0000000100000000)
  eden space 72192K, 100% used [0x00000000e0000000,0x00000000e4680000,0x00000000e4680000)
  from space 39424K, 80% used [0x00000000e7080000,0x00000000e8fa1348,0x00000000e9700000)
  to   space 43008K, 0% used [0x00000000e4680000,0x00000000e4680000,0x00000000e7080000)
 ParOldGen       total 123392K, used 76838K [0x00000000a0000000, 0x00000000a7880000, 0x00000000e0000000)
  object space 123392K, 62% used [0x00000000a0000000,0x00000000a4b09918,0x00000000a7880000)
 Metaspace       used 78215K, capacity 82578K, committed 82688K, reserved 1120256K
  class space    used 10427K, capacity 11434K, committed 11520K, reserved 1048576K
Event: 3109.552 GC heap after
Heap after GC invocations=43 (full 4):
 PSYoungGen      total 115200K, used 34031K [0x00000000e0000000, 0x00000000ea580000, 0x0000000100000000)
  eden space 72192K, 0% used [0x00000000e0000000,0x00000000e0000000,0x00000000e4680000)
  from space 43008K, 79% used [0x00000000e4680000,0x00000000e67bbdf0,0x00000000e7080000)
  to   space 46080K, 0% used [0x00000000e7880000,0x00000000e7880000,0x00000000ea580000)
 ParOldGen       total 123392K, used 76838K [0x00000000a0000000, 0x00000000a7880000, 0x00000000e0000000)
  object space 123392K, 62% used [0x00000000a0000000,0x00000000a4b09918,0x00000000a7880000)
 Metaspace       used 78215K, capacity 82578K, committed 82688K, reserved 1120256K
  class space    used 10427K, capacity 11434K, committed 11520K, reserved 1048576K
}
Event: 4353.763 GC heap before
{Heap before GC invocations=44 (full 4):
 PSYoungGen      total 115200K, used 106223K [0x00000000e0000000, 0x00000000ea580000, 0x0000000100000000)
  eden space 72192K, 100% used [0x00000000e0000000,0x00000000e4680000,0x00000000e4680000)
  from space 43008K, 79% used [0x00000000e4680000,0x00000000e67bbdf0,0x00000000e7080000)
  to   space 46080K, 0% used [0x00000000e7880000,0x00000000e7880000,0x00000000ea580000)
 ParOldGen       total 123392K, used 76838K [0x00000000a0000000, 0x00000000a7880000, 0x00000000e0000000)
  object space 123392K, 62% used [0x00000000a0000000,0x00000000a4b09918,0x00000000a7880000)
 Metaspace       used 78576K, capacity 83164K, committed 83200K, reserved 1120256K
  class space    used 10469K, capacity 11490K, committed 11520K, reserved 1048576K
Event: 4357.543 GC heap after
Heap after GC invocations=44 (full 4):
 PSYoungGen      total 120320K, used 34812K [0x00000000e0000000, 0x00000000eaa80000, 0x0000000100000000)
  eden space 74240K, 0% used [0x00000000e0000000,0x00000000e0000000,0x00000000e4880000)
  from space 46080K, 75% used [0x00000000e7880000,0x00000000e9a7f078,0x00000000ea580000)
  to   space 49152K, 0% used [0x00000000e4880000,0x00000000e4880000,0x00000000e7880000)
 ParOldGen       total 123392K, used 76838K [0x00000000a0000000, 0x00000000a7880000, 0x00000000e0000000)
  object space 123392K, 62% used [0x00000000a0000000,0x00000000a4b09918,0x00000000a7880000)
 Metaspace       used 78576K, capacity 83164K, committed 83200K, reserved 1120256K
  class space    used 10469K, capacity 11490K, committed 11520K, reserved 1048576K
}

