# JRE version: Java(TM) SE Runtime Environment (8.0_241-b07) (build 1.8.0_241-b07)
# Java VM: Java HotSpot(TM) 64-Bit Server VM (25.241-b07 mixed mode windows-amd64 compressed oops)
Heap:
 PSYoungGen      total 99840K, used 74345K [0x00000000e0000000, 0x00000000e7880000, 0x0000000100000000)
  eden space 84992K, 83% used [0x00000000e0000000,0x00000000e44f7710,0x00000000e5300000)
  from space 14848K, 25% used [0x00000000e5300000,0x00000000e56a2ff8,0x00000000e6180000)
  to   space 14848K, 0% used [0x00000000e6a00000,0x00000000e6a00000,0x00000000e7880000)
 ParOldGen       total 61952K, used 61466K [0x00000000a0000000, 0x00000000a3c80000, 0x00000000e0000000)
  object space 61952K, 99% used [0x00000000a0000000,0x00000000a3c06bf8,0x00000000a3c80000)
 Metaspace       used 69638K, capacity 72728K, committed 72832K, reserved 1112064K
  class space    used 9558K, capacity 10323K, committed 10368K, reserved 1048576K
GC Heap History (10 events):
Event: 106.529 GC heap before
{Heap before GC invocations=33 (full 3):
 PSYoungGen      total 79360K, used 70656K [0x00000000e0000000, 0x00000000e6300000, 0x0000000100000000)
  eden space 70656K, 100% used [0x00000000e0000000,0x00000000e4500000,0x00000000e4500000)
  from space 8704K, 0% used [0x00000000e4500000,0x00000000e4500000,0x00000000e4d80000)
  to   space 9216K, 0% used [0x00000000e5a00000,0x00000000e5a00000,0x00000000e6300000)
 ParOldGen       total 58880K, used 35987K [0x00000000a0000000, 0x00000000a3980000, 0x00000000e0000000)
  object space 58880K, 61% used [0x00000000a0000000,0x00000000a2324ce0,0x00000000a3980000)
 Metaspace       used 58894K, capacity 61316K, committed 61440K, reserved 1101824K
  class space    used 8151K, capacity 8838K, committed 8960K, reserved 1048576K
Event: 106.629 GC heap after
Heap after GC invocations=33 (full 3):
 PSYoungGen      total 86528K, used 9216K [0x00000000e0000000, 0x00000000e6300000, 0x0000000100000000)
  eden space 77312K, 0% used [0x00000000e0000000,0x00000000e0000000,0x00000000e4b80000)
  from space 9216K, 100% used [0x00000000e5a00000,0x00000000e6300000,0x00000000e6300000)
  to   space 11264K, 0% used [0x00000000e4d00000,0x00000000e4d00000,0x00000000e5800000)
 ParOldGen       total 58880K, used 37919K [0x00000000a0000000, 0x00000000a3980000, 0x00000000e0000000)
  object space 58880K, 64% used [0x00000000a0000000,0x00000000a2507f38,0x00000000a3980000)
 Metaspace       used 58894K, capacity 61316K, committed 61440K, reserved 1101824K
  class space    used 8151K, capacity 8838K, committed 8960K, reserved 1048576K
}
Event: 111.741 GC heap before
{Heap before GC invocations=34 (full 3):
 PSYoungGen      total 86528K, used 86528K [0x00000000e0000000, 0x00000000e6300000, 0x0000000100000000)
  eden space 77312K, 100% used [0x00000000e0000000,0x00000000e4b80000,0x00000000e4b80000)
  from space 9216K, 100% used [0x00000000e5a00000,0x00000000e6300000,0x00000000e6300000)
  to   space 11264K, 0% used [0x00000000e4d00000,0x00000000e4d00000,0x00000000e5800000)
 ParOldGen       total 58880K, used 37919K [0x00000000a0000000, 0x00000000a3980000, 0x00000000e0000000)
  object space 58880K, 64% used [0x00000000a0000000,0x00000000a2507f38,0x00000000a3980000)
 Metaspace       used 63005K, capacity 65748K, committed 65792K, reserved 1105920K
  class space    used 8776K, capacity 9462K, committed 9472K, reserved 1048576K
Event: 111.966 GC heap after
Heap after GC invocations=34 (full 3):
 PSYoungGen      total 90112K, used 8232K [0x00000000e0000000, 0x00000000e6d00000, 0x0000000100000000)
  eden space 78848K, 0% used [0x00000000e0000000,0x00000000e0000000,0x00000000e4d00000)
  from space 11264K, 73% used [0x00000000e4d00000,0x00000000e550a158,0x00000000e5800000)
  to   space 11776K, 0% used [0x00000000e6180000,0x00000000e6180000,0x00000000e6d00000)
 ParOldGen       total 58880K, used 47028K [0x00000000a0000000, 0x00000000a3980000, 0x00000000e0000000)
  object space 58880K, 79% used [0x00000000a0000000,0x00000000a2ded228,0x00000000a3980000)
 Metaspace       used 63005K, capacity 65748K, committed 65792K, reserved 1105920K
  class space    used 8776K, capacity 9462K, committed 9472K, reserved 1048576K
}
Event: 122.155 GC heap before
{Heap before GC invocations=35 (full 3):
 PSYoungGen      total 90112K, used 87080K [0x00000000e0000000, 0x00000000e6d00000, 0x0000000100000000)
  eden space 78848K, 100% used [0x00000000e0000000,0x00000000e4d00000,0x00000000e4d00000)
  from space 11264K, 73% used [0x00000000e4d00000,0x00000000e550a158,0x00000000e5800000)
  to   space 11776K, 0% used [0x00000000e6180000,0x00000000e6180000,0x00000000e6d00000)
 ParOldGen       total 58880K, used 47028K [0x00000000a0000000, 0x00000000a3980000, 0x00000000e0000000)
  object space 58880K, 79% used [0x00000000a0000000,0x00000000a2ded228,0x00000000a3980000)
 Metaspace       used 67415K, capacity 70232K, committed 70528K, reserved 1110016K
  class space    used 9312K, capacity 10049K, committed 10112K, reserved 1048576K
Event: 122.259 GC heap after
Heap after GC invocations=35 (full 3):
 PSYoungGen      total 96768K, used 11761K [0x00000000e0000000, 0x00000000e7480000, 0x0000000100000000)
  eden space 84992K, 0% used [0x00000000e0000000,0x00000000e0000000,0x00000000e5300000)
  from space 11776K, 99% used [0x00000000e6180000,0x00000000e6cfc458,0x00000000e6d00000)
  to   space 14848K, 0% used [0x00000000e5300000,0x00000000e5300000,0x00000000e6180000)
 ParOldGen       total 58880K, used 50553K [0x00000000a0000000, 0x00000000a3980000, 0x00000000e0000000)
  object space 58880K, 85% used [0x00000000a0000000,0x00000000a315e768,0x00000000a3980000)
 Metaspace       used 67415K, capacity 70232K, committed 70528K, reserved 1110016K
  class space    used 9312K, capacity 10049K, committed 10112K, reserved 1048576K
}
Event: 135.710 GC heap before
{Heap before GC invocations=36 (full 3):
 PSYoungGen      total 96768K, used 96753K [0x00000000e0000000, 0x00000000e7480000, 0x0000000100000000)
  eden space 84992K, 100% used [0x00000000e0000000,0x00000000e5300000,0x00000000e5300000)
  from space 11776K, 99% used [0x00000000e6180000,0x00000000e6cfc458,0x00000000e6d00000)
  to   space 14848K, 0% used [0x00000000e5300000,0x00000000e5300000,0x00000000e6180000)
 ParOldGen       total 58880K, used 50553K [0x00000000a0000000, 0x00000000a3980000, 0x00000000e0000000)
  object space 58880K, 85% used [0x00000000a0000000,0x00000000a315e768,0x00000000a3980000)
 Metaspace       used 69020K, capacity 72126K, committed 72320K, reserved 1112064K
  class space    used 9506K, capacity 10256K, committed 10368K, reserved 1048576K
Event: 135.789 GC heap after
Heap after GC invocations=36 (full 3):
 PSYoungGen      total 99840K, used 8472K [0x00000000e0000000, 0x00000000e7880000, 0x0000000100000000)
  eden space 84992K, 0% used [0x00000000e0000000,0x00000000e0000000,0x00000000e5300000)
  from space 14848K, 57% used [0x00000000e5300000,0x00000000e5b461d0,0x00000000e6180000)
  to   space 14848K, 0% used [0x00000000e6a00000,0x00000000e6a00000,0x00000000e7880000)
 ParOldGen       total 61952K, used 61895K [0x00000000a0000000, 0x00000000a3c80000, 0x00000000e0000000)
  object space 61952K, 99% used [0x00000000a0000000,0x00000000a3c71fa8,0x00000000a3c80000)
 Metaspace       used 69020K, capacity 72126K, committed 72320K, reserved 1112064K
  class space    used 9506K, capacity 10256K, committed 10368K, reserved 1048576K
}
Event: 135.789 GC heap before
{Heap before GC invocations=37 (full 4):
 PSYoungGen      total 99840K, used 8472K [0x00000000e0000000, 0x00000000e7880000, 0x0000000100000000)
  eden space 84992K, 0% used [0x00000000e0000000,0x00000000e0000000,0x00000000e5300000)
  from space 14848K, 57% used [0x00000000e5300000,0x00000000e5b461d0,0x00000000e6180000)
  to   space 14848K, 0% used [0x00000000e6a00000,0x00000000e6a00000,0x00000000e7880000)
 ParOldGen       total 61952K, used 61895K [0x00000000a0000000, 0x00000000a3c80000, 0x00000000e0000000)
  object space 61952K, 99% used [0x00000000a0000000,0x00000000a3c71fa8,0x00000000a3c80000)
 Metaspace       used 69020K, capacity 72126K, committed 72320K, reserved 1112064K
  class space    used 9506K, capacity 10256K, committed 10368K, reserved 1048576K
Event: 137.612 GC heap after
Heap after GC invocations=37 (full 4):
 PSYoungGen      total 99840K, used 3723K [0x00000000e0000000, 0x00000000e7880000, 0x0000000100000000)
  eden space 84992K, 0% used [0x00000000e0000000,0x00000000e0000000,0x00000000e5300000)
  from space 14848K, 25% used [0x00000000e5300000,0x00000000e56a2ff8,0x00000000e6180000)
  to   space 14848K, 0% used [0x00000000e6a00000,0x00000000e6a00000,0x00000000e7880000)
 ParOldGen       total 61952K, used 61466K [0x00000000a0000000, 0x00000000a3c80000, 0x00000000e0000000)
  object space 61952K, 99% used [0x00000000a0000000,0x00000000a3c06bf8,0x00000000a3c80000)
 Metaspace       used 68988K, capacity 72038K, committed 72320K, reserved 1112064K
  class space    used 9495K, capacity 10238K, committed 10368K, reserved 1048576K
}

